<?xml version="1.0" encoding="UTF-8" ?>
<testsuite tests="84" failures="0" name="setUpClass.TestRun" time="0.023" errors="0" skipped="0">
  <properties>
[...]
</properties>
  <testcase classname="Scenario: " name="Given navigate the application URL." time="0.012"/>
  <testcase classname="Scenario: " name="Then Click on Join now button." time="0"/>
  <testcase classname="Scenario: " name="Then Click on Clinician image." time="0"/>
  <testcase classname="Scenario: " name="Scenario: " time="0.001"/>
  <testcase classname="|  |  |  | Please fill out this field. | Please fill out this field. | Please fill out this field. |  |" name="Then Enter User First Name as &quot;&quot;." time="0.001"/>
  <testcase classname="|  |  |  | Please fill out this field. | Please fill out this field. | Please fill out this field. |  |" name="Then Enter User Email Address as &quot;&quot;." time="0"/>
  <testcase classname="|  |  |  | Please fill out this field. | Please fill out this field. | Please fill out this field. |  |" name="Then Enter User Password as &quot;&quot;" time="0"/>
  <testcase classname="|  |  |  | Please fill out this field. | Please fill out this field. | Please fill out this field. |  |" name="Then Select Terms &amp; Conditions check box." time="0"/>
  <testcase classname="|  |  |  | Please fill out this field. | Please fill out this field. | Please fill out this field. |  |" name="Then Click on SignUp CTA." time="0"/>
  <testcase classname="|  |  |  | Please fill out this field. | Please fill out this field. | Please fill out this field. |  |" name="Then Verify &quot;Please fill out this field.&quot; validation message for First Name." time="0"/>
  <testcase classname="|  |  |  | Please fill out this field. | Please fill out this field. | Please fill out this field. |  |" name="Then Verify &quot;Please fill out this field.&quot; validation message for Email Address." time="0"/>
  <testcase classname="|  |  |  | Please fill out this field. | Please fill out this field. | Please fill out this field. |  |" name="Then Verify &quot;Please fill out this field.&quot; validation message for Password." time="0"/>
  <testcase classname="|  |  |  | Please fill out this field. | Please fill out this field. | Please fill out this field. |  |" name="Then Verify &quot;&quot; user is already existing or not." time="0"/>
  <testcase classname="|  |  |  | Please fill out this field. | Please fill out this field. | Please fill out this field. |  |" name="|  |  |  | Please fill out this field. | Please fill out this field. | Please fill out this field. |  |" time="0"/>
  <testcase classname="| Test |  |  |  | Please fill out this field. | Please fill out this field. |  |" name="Then Enter User First Name as &quot;Test&quot;." time="0"/>
  <testcase classname="| Test |  |  |  | Please fill out this field. | Please fill out this field. |  |" name="Then Enter User Email Address as &quot;&quot;." time="0"/>
  <testcase classname="| Test |  |  |  | Please fill out this field. | Please fill out this field. |  |" name="Then Enter User Password as &quot;&quot;" time="0"/>
  <testcase classname="| Test |  |  |  | Please fill out this field. | Please fill out this field. |  |" name="Then Select Terms &amp; Conditions check box." time="0"/>
  <testcase classname="| Test |  |  |  | Please fill out this field. | Please fill out this field. |  |" name="Then Click on SignUp CTA." time="0"/>
  <testcase classname="| Test |  |  |  | Please fill out this field. | Please fill out this field. |  |" name="Then Verify &quot;&quot; validation message for First Name." time="0"/>
  <testcase classname="| Test |  |  |  | Please fill out this field. | Please fill out this field. |  |" name="Then Verify &quot;Please fill out this field.&quot; validation message for Email Address." time="0"/>
  <testcase classname="| Test |  |  |  | Please fill out this field. | Please fill out this field. |  |" name="Then Verify &quot;Please fill out this field.&quot; validation message for Password." time="0"/>
  <testcase classname="| Test |  |  |  | Please fill out this field. | Please fill out this field. |  |" name="Then Verify &quot;&quot; user is already existing or not." time="0"/>
  <testcase classname="| Test |  |  |  | Please fill out this field. | Please fill out this field. |  |" name="| Test |  |  |  | Please fill out this field. | Please fill out this field. |  |" time="0.001"/>
  <testcase classname="| Test | Test@@gmail.com |  |  | A part following &apos;@&apos; should not contain the symbol &apos;@&apos;. | Please fill out this field. |  |" name="Then Enter User First Name as &quot;Test&quot;." time="0.001"/>
  <testcase classname="| Test | Test@@gmail.com |  |  | A part following &apos;@&apos; should not contain the symbol &apos;@&apos;. | Please fill out this field. |  |" name="Then Enter User Email Address as &quot;Test@@gmail.com&quot;." time="0"/>
  <testcase classname="| Test | Test@@gmail.com |  |  | A part following &apos;@&apos; should not contain the symbol &apos;@&apos;. | Please fill out this field. |  |" name="Then Enter User Password as &quot;&quot;" time="0"/>
  <testcase classname="| Test | Test@@gmail.com |  |  | A part following &apos;@&apos; should not contain the symbol &apos;@&apos;. | Please fill out this field. |  |" name="Then Select Terms &amp; Conditions check box." time="0"/>
  <testcase classname="| Test | Test@@gmail.com |  |  | A part following &apos;@&apos; should not contain the symbol &apos;@&apos;. | Please fill out this field. |  |" name="Then Click on SignUp CTA." time="0"/>
  <testcase classname="| Test | Test@@gmail.com |  |  | A part following &apos;@&apos; should not contain the symbol &apos;@&apos;. | Please fill out this field. |  |" name="Then Verify &quot;&quot; validation message for First Name." time="0"/>
  <testcase classname="| Test | Test@@gmail.com |  |  | A part following &apos;@&apos; should not contain the symbol &apos;@&apos;. | Please fill out this field. |  |" name="Then Verify &quot;A part following &apos;@&apos; should not contain the symbol &apos;@&apos;.&quot; validation message for Email Address." time="0"/>
  <testcase classname="| Test | Test@@gmail.com |  |  | A part following &apos;@&apos; should not contain the symbol &apos;@&apos;. | Please fill out this field. |  |" name="Then Verify &quot;Please fill out this field.&quot; validation message for Password." time="0"/>
  <testcase classname="| Test | Test@@gmail.com |  |  | A part following &apos;@&apos; should not contain the symbol &apos;@&apos;. | Please fill out this field. |  |" name="Then Verify &quot;&quot; user is already existing or not." time="0"/>
  <testcase classname="| Test | Test@@gmail.com |  |  | A part following &apos;@&apos; should not contain the symbol &apos;@&apos;. | Please fill out this field. |  |" name="| Test | Test@@gmail.com |  |  | A part following &apos;@&apos; should not contain the symbol &apos;@&apos;. | Please fill out this field. |  |" time="0.001"/>
  <testcase classname="| Test | Test@gmail.com |  |  |  | Please fill out this field. |  |" name="Then Enter User First Name as &quot;Test&quot;." time="0"/>
  <testcase classname="| Test | Test@gmail.com |  |  |  | Please fill out this field. |  |" name="Then Enter User Email Address as &quot;Test@gmail.com&quot;." time="0"/>
  <testcase classname="| Test | Test@gmail.com |  |  |  | Please fill out this field. |  |" name="Then Enter User Password as &quot;&quot;" time="0"/>
  <testcase classname="| Test | Test@gmail.com |  |  |  | Please fill out this field. |  |" name="Then Select Terms &amp; Conditions check box." time="0"/>
  <testcase classname="| Test | Test@gmail.com |  |  |  | Please fill out this field. |  |" name="Then Click on SignUp CTA." time="0"/>
  <testcase classname="| Test | Test@gmail.com |  |  |  | Please fill out this field. |  |" name="Then Verify &quot;&quot; validation message for First Name." time="0"/>
  <testcase classname="| Test | Test@gmail.com |  |  |  | Please fill out this field. |  |" name="Then Verify &quot;&quot; validation message for Email Address." time="0"/>
  <testcase classname="| Test | Test@gmail.com |  |  |  | Please fill out this field. |  |" name="Then Verify &quot;Please fill out this field.&quot; validation message for Password." time="0"/>
  <testcase classname="| Test | Test@gmail.com |  |  |  | Please fill out this field. |  |" name="Then Verify &quot;&quot; user is already existing or not." time="0"/>
  <testcase classname="| Test | Test@gmail.com |  |  |  | Please fill out this field. |  |" name="| Test | Test@gmail.com |  |  |  | Please fill out this field. |  |" time="0.001"/>
  <testcase classname="| Test | Test@getnada.com | 1234 |  |  | Please match the requested format. |  |" name="Then Enter User First Name as &quot;Test&quot;." time="0"/>
  <testcase classname="| Test | Test@getnada.com | 1234 |  |  | Please match the requested format. |  |" name="Then Enter User Email Address as &quot;Test@getnada.com&quot;." time="0"/>
  <testcase classname="| Test | Test@getnada.com | 1234 |  |  | Please match the requested format. |  |" name="Then Enter User Password as &quot;1234&quot;" time="0"/>
  <testcase classname="| Test | Test@getnada.com | 1234 |  |  | Please match the requested format. |  |" name="Then Select Terms &amp; Conditions check box." time="0"/>
  <testcase classname="| Test | Test@getnada.com | 1234 |  |  | Please match the requested format. |  |" name="Then Click on SignUp CTA." time="0"/>
  <testcase classname="| Test | Test@getnada.com | 1234 |  |  | Please match the requested format. |  |" name="Then Verify &quot;&quot; validation message for First Name." time="0"/>
  <testcase classname="| Test | Test@getnada.com | 1234 |  |  | Please match the requested format. |  |" name="Then Verify &quot;&quot; validation message for Email Address." time="0"/>
  <testcase classname="| Test | Test@getnada.com | 1234 |  |  | Please match the requested format. |  |" name="Then Verify &quot;Please match the requested format.&quot; validation message for Password." time="0"/>
  <testcase classname="| Test | Test@getnada.com | 1234 |  |  | Please match the requested format. |  |" name="Then Verify &quot;&quot; user is already existing or not." time="0"/>
  <testcase classname="| Test | Test@getnada.com | 1234 |  |  | Please match the requested format. |  |" name="| Test | Test@getnada.com | 1234 |  |  | Please match the requested format. |  |" time="0"/>
  <testcase classname="| Test | Test@getnada.com | 12345678 |  |  |  |  |" name="Then Enter User First Name as &quot;Test&quot;." time="0"/>
  <testcase classname="| Test | Test@getnada.com | 12345678 |  |  |  |  |" name="Then Enter User Email Address as &quot;Test@getnada.com&quot;." time="0"/>
  <testcase classname="| Test | Test@getnada.com | 12345678 |  |  |  |  |" name="Then Enter User Password as &quot;12345678&quot;" time="0"/>
  <testcase classname="| Test | Test@getnada.com | 12345678 |  |  |  |  |" name="Then Select Terms &amp; Conditions check box." time="0"/>
  <testcase classname="| Test | Test@getnada.com | 12345678 |  |  |  |  |" name="Then Click on SignUp CTA." time="0"/>
  <testcase classname="| Test | Test@getnada.com | 12345678 |  |  |  |  |" name="Then Verify &quot;&quot; validation message for First Name." time="0"/>
  <testcase classname="| Test | Test@getnada.com | 12345678 |  |  |  |  |" name="Then Verify &quot;&quot; validation message for Email Address." time="0"/>
  <testcase classname="| Test | Test@getnada.com | 12345678 |  |  |  |  |" name="Then Verify &quot;&quot; validation message for Password." time="0"/>
  <testcase classname="| Test | Test@getnada.com | 12345678 |  |  |  |  |" name="Then Verify &quot;&quot; user is already existing or not." time="0"/>
  <testcase classname="| Test | Test@getnada.com | 12345678 |  |  |  |  |" name="| Test | Test@getnada.com | 12345678 |  |  |  |  |" time="0.001"/>
  <testcase classname="Scenario: " name="Then Refresh the page." time="0"/>
  <testcase classname="Scenario: " name="Then Click on Join now button." time="0"/>
  <testcase classname="Scenario: " name="Then Click on Clinician image." time="0"/>
  <testcase classname="Scenario: " name="Scenario: " time="0.002"/>
  <testcase classname="| Test | test | 12345678 |" name="Then Enter User First Name as &quot;Test&quot;." time="0"/>
  <testcase classname="| Test | test | 12345678 |" name="Then Enter Email &quot;test&quot;." time="0"/>
  <testcase classname="| Test | test | 12345678 |" name="Then Enter User Password as &quot;12345678&quot;" time="0"/>
  <testcase classname="| Test | test | 12345678 |" name="Then Select Terms &amp; Conditions check box." time="0"/>
  <testcase classname="| Test | test | 12345678 |" name="Then Click on SignUp CTA." time="0"/>
  <testcase classname="| Test | test | 12345678 |" name="| Test | test | 12345678 |" time="0.001"/>
  <testcase classname="Scenario: " name="Then Close the Popup alert message." time="0"/>
  <testcase classname="Scenario: " name="Then click on &quot;Next&quot; button." time="0"/>
  <testcase classname="Scenario: " name="Then Fill last name and select radio button." time="0"/>
  <testcase classname="Scenario: " name="Then click on &quot;Next&quot; button." time="0"/>
  <testcase classname="Scenario: " name="Then Select Degree and Experience Title." time="0"/>
  <testcase classname="Scenario: " name="Then click on &quot;Next&quot; button." time="0"/>
  <testcase classname="Scenario: " name="Then Select registarion code as &quot;NO&quot;" time="0"/>
  <testcase classname="Scenario: " name="Then click on &quot;Next&quot; button." time="0"/>
  <testcase classname="Scenario: " name="Then Click on Finish Button.." time="0"/>
  <testcase classname="Scenario: " name="Scenario: " time="0.001"/>
</testsuite>